<?xml version="1.0" encoding="UTF-8"?>
<!-- Generated by org.testng.reporters.JUnitReportReporter -->
<testsuite hostname="DESKTOP-QE2CNIJ" failures="0" tests="3" name="com.amex.tests.AmexAutomationTestTest" time="0.005" errors="0" timestamp="2025-02-10T17:32:44 IST" skipped="0">
  <testcase classname="com.amex.tests.AmexAutomationTestTest" name="beforeClassTest" time="0.001"/>
  <system-out/>
  <testcase classname="com.amex.tests.AmexAutomationTestTest" name="afterClassTest" time="0.004"/>
  <system-out/>
  <testcase classname="com.amex.tests.AmexAutomationTestTest" name="testAmexFlowTest" time="0.000"/>
  <system-out/>
</testsuite> <!-- com.amex.tests.AmexAutomationTestTest -->
