<?xml version="1.0" encoding="UTF-8"?>
<!-- Generated by org.testng.reporters.JUnitReportReporter -->
<testsuite hostname="DESKTOP-QE2CNIJ" failures="0" tests="1" name="com.amex.tests.AmexAutomationTest" time="13.188" errors="0" timestamp="2025-02-11T11:40:42 IST" skipped="0">
  <testcase classname="com.amex.tests.AmexAutomationTest" name="testAmexFlow" time="13.188"/>
  <system-out/>
</testsuite> <!-- com.amex.tests.AmexAutomationTest -->
